<?xml version="1.0" encoding="UTF-8"?>
<testng-results skipped="0" failed="0" total="2" passed="2">
  <reporter-output>
  </reporter-output>
  <suite name="settings" duration-ms="2" started-at="2013-11-21T07:08:47Z" finished-at="2013-11-21T07:08:47Z">
    <groups>
    </groups>
    <test name="settings" duration-ms="2" started-at="2013-11-21T07:08:47Z" finished-at="2013-11-21T07:08:47Z">
      <class name="settings.CreateBilling">
        <test-method status="PASS" signature="beforeClass()[pri:0, instance:settings.CreateBilling@214a55f2]" name="beforeClass" is-config="true" duration-ms="0" started-at="2013-11-21T12:38:47Z" finished-at="2013-11-21T12:38:47Z">
          <reporter-output>
          </reporter-output>
        </test-method> <!-- beforeClass -->
        <test-method status="PASS" signature="testCreateBilling()[pri:0, instance:settings.CreateBilling@214a55f2]" name="testCreateBilling" duration-ms="0" started-at="2013-11-21T12:38:47Z" finished-at="2013-11-21T12:38:47Z">
          <reporter-output>
          </reporter-output>
        </test-method> <!-- testCreateBilling -->
        <test-method status="PASS" signature="beforeMethod()[pri:0, instance:settings.CreateBilling@214a55f2]" name="beforeMethod" is-config="true" duration-ms="0" started-at="2013-11-21T12:38:47Z" finished-at="2013-11-21T12:38:47Z">
          <reporter-output>
          </reporter-output>
        </test-method> <!-- beforeMethod -->
        <test-method status="PASS" signature="afterMethod()[pri:0, instance:settings.CreateBilling@214a55f2]" name="afterMethod" is-config="true" duration-ms="0" started-at="2013-11-21T12:38:47Z" finished-at="2013-11-21T12:38:47Z">
          <reporter-output>
          </reporter-output>
        </test-method> <!-- afterMethod -->
        <test-method status="PASS" signature="afterClass()[pri:0, instance:settings.CreateBilling@214a55f2]" name="afterClass" is-config="true" duration-ms="0" started-at="2013-11-21T12:38:47Z" finished-at="2013-11-21T12:38:47Z">
          <reporter-output>
          </reporter-output>
        </test-method> <!-- afterClass -->
      </class> <!-- settings.CreateBilling -->
    </test> <!-- settings -->
  </suite> <!-- settings -->
  <suite name="customers" duration-ms="20" started-at="2013-11-21T07:08:47Z" finished-at="2013-11-21T07:08:47Z">
    <groups>
    </groups>
    <test name="customers" duration-ms="20" started-at="2013-11-21T07:08:47Z" finished-at="2013-11-21T07:08:47Z">
      <class name="customers.CreateCustomer">
        <test-method status="PASS" signature="beforeClass()[pri:0, instance:customers.CreateCustomer@3782da3d]" name="beforeClass" is-config="true" duration-ms="9" started-at="2013-11-21T12:38:47Z" finished-at="2013-11-21T12:38:47Z">
          <reporter-output>
          </reporter-output>
        </test-method> <!-- beforeClass -->
        <test-method status="PASS" signature="beforeMethod()[pri:0, instance:customers.CreateCustomer@3782da3d]" name="beforeMethod" is-config="true" duration-ms="0" started-at="2013-11-21T12:38:47Z" finished-at="2013-11-21T12:38:47Z">
          <reporter-output>
          </reporter-output>
        </test-method> <!-- beforeMethod -->
        <test-method status="PASS" signature="testCreateCustomer()[pri:0, instance:customers.CreateCustomer@3782da3d]" name="testCreateCustomer" duration-ms="1" started-at="2013-11-21T12:38:47Z" finished-at="2013-11-21T12:38:47Z">
          <reporter-output>
          </reporter-output>
        </test-method> <!-- testCreateCustomer -->
        <test-method status="PASS" signature="afterMethod()[pri:0, instance:customers.CreateCustomer@3782da3d]" name="afterMethod" is-config="true" duration-ms="0" started-at="2013-11-21T12:38:47Z" finished-at="2013-11-21T12:38:47Z">
          <reporter-output>
          </reporter-output>
        </test-method> <!-- afterMethod -->
        <test-method status="PASS" signature="afterClass()[pri:0, instance:customers.CreateCustomer@3782da3d]" name="afterClass" is-config="true" duration-ms="0" started-at="2013-11-21T12:38:47Z" finished-at="2013-11-21T12:38:47Z">
          <reporter-output>
          </reporter-output>
        </test-method> <!-- afterClass -->
      </class> <!-- customers.CreateCustomer -->
    </test> <!-- customers -->
  </suite> <!-- customers -->
</testng-results>
