<?xml version="1.0" encoding="UTF-8"?>
<testng-results skipped="0" failed="0" total="1" passed="1">
  <reporter-output>
  </reporter-output>
  <suite name="Default suite" duration-ms="33" started-at="2013-11-21T07:06:05Z" finished-at="2013-11-21T07:06:05Z">
    <groups>
    </groups>
    <test name="Default test" duration-ms="33" started-at="2013-11-21T07:06:05Z" finished-at="2013-11-21T07:06:05Z">
      <class name="customers.CreateCustomer">
        <test-method status="PASS" signature="beforeClass()[pri:0, instance:customers.CreateCustomer@2ec791b9]" name="beforeClass" is-config="true" duration-ms="10" started-at="2013-11-21T12:36:05Z" finished-at="2013-11-21T12:36:05Z">
          <reporter-output>
          </reporter-output>
        </test-method> <!-- beforeClass -->
        <test-method status="PASS" signature="testCreateCustomer()[pri:0, instance:customers.CreateCustomer@2ec791b9]" name="testCreateCustomer" duration-ms="5" started-at="2013-11-21T12:36:05Z" finished-at="2013-11-21T12:36:05Z">
          <reporter-output>
          </reporter-output>
        </test-method> <!-- testCreateCustomer -->
        <test-method status="PASS" signature="beforeMethod()[pri:0, instance:customers.CreateCustomer@2ec791b9]" name="beforeMethod" is-config="true" duration-ms="0" started-at="2013-11-21T12:36:05Z" finished-at="2013-11-21T12:36:05Z">
          <reporter-output>
          </reporter-output>
        </test-method> <!-- beforeMethod -->
        <test-method status="PASS" signature="afterMethod()[pri:0, instance:customers.CreateCustomer@2ec791b9]" name="afterMethod" is-config="true" duration-ms="0" started-at="2013-11-21T12:36:05Z" finished-at="2013-11-21T12:36:05Z">
          <reporter-output>
          </reporter-output>
        </test-method> <!-- afterMethod -->
        <test-method status="PASS" signature="afterClass()[pri:0, instance:customers.CreateCustomer@2ec791b9]" name="afterClass" is-config="true" duration-ms="0" started-at="2013-11-21T12:36:05Z" finished-at="2013-11-21T12:36:05Z">
          <reporter-output>
          </reporter-output>
        </test-method> <!-- afterClass -->
      </class> <!-- customers.CreateCustomer -->
    </test> <!-- Default test -->
  </suite> <!-- Default suite -->
</testng-results>
